d:\project\inspirationengine2015\inspirationengine2015\debug\vc140.pdb
d:\project\inspirationengine2015\inspirationengine2015\debug\vc140.idb
d:\project\inspirationengine2015\inspirationengine2015\debug\inspirationengine.obj
d:\project\inspirationengine2015\inspirationengine2015\debug\inspirationengine_display.obj
d:\project\inspirationengine2015\inspirationengine2015\debug\inspirationengine_image.obj
d:\project\inspirationengine2015\inspirationengine2015\debug\inspirationengine_readfile.obj
d:\project\inspirationengine2015\inspirationengine2015\debug\main.obj
d:\project\inspirationengine2015\inspirationengine2015\debug\vc142.pdb
d:\project\inspirationengine2015\inspirationengine2015\debug\vc142.idb
d:\project\inspirationengine2015\inspirationengine2015\debug\file.obj
d:\project\inspirationengine2015\inspirationengine2015\debug\input.obj
d:\project\inspirationengine2015\inspirationengine2015\debug\image.obj
d:\project\inspirationengine2015\inspirationengine2015\debug\display.obj
d:\project\inspirationengine2015\inspirationengine2015\debug\core.obj
d:\project\inspirationengine2015\debug\inspirationengine2015.exe
d:\project\inspirationengine2015\debug\inspirationengine2015.ilk
d:\project\inspirationengine2015\debug\inspirationengine2015.pdb
d:\project\inspirationengine2015\debug\inspirationengine.ilk
d:\project\inspirationengine2015\debug\inspirationengine.exe
d:\project\inspirationengine2015\debug\inspirationengine.pdb
d:\project\inspirationengine2015\inspirationengine2015\debug\image.obj.enc
d:\project\inspirationengine2015\inspirationengine2015\debug\inspirationengine_image.obj.enc
d:\project\inspirationengine2015\inspirationengine2015\debug\inspirationengine_readfile.obj.enc
d:\project\inspirationengine2015\inspirationengine2015\debug\main.obj.enc
d:\project\inspirationengine2015\inspirationengine2015\debug\inspirat.9d10cac6.tlog\cl.command.1.tlog
d:\project\inspirationengine2015\inspirationengine2015\debug\inspirat.9d10cac6.tlog\cl.read.1.tlog
d:\project\inspirationengine2015\inspirationengine2015\debug\inspirat.9d10cac6.tlog\cl.write.1.tlog
d:\project\inspirationengine2015\inspirationengine2015\debug\inspirat.9d10cac6.tlog\link.command.1.tlog
d:\project\inspirationengine2015\inspirationengine2015\debug\inspirat.9d10cac6.tlog\link.read.1.tlog
d:\project\inspirationengine2015\inspirationengine2015\debug\inspirat.9d10cac6.tlog\link.write.1.tlog
